root@27117a4719a9:/workspace/logs# cat bcb_tokenizer.log
' zip ' format
*** Starting priority projects...
*** Starting regular projects...
Starting new process 0
[INFO] (MainThread) Process 0 starting
[INFO] (MainThread) Starting zip project <1,/workspace/benchmarks/bcb_subset.zip> (process 0)
[INFO] (MainThread) Attempting to process_zip_ball /workspace/benchmarks/bcb_subset.zip
[INFO] (MainThread) Attempting to process_file_contents /workspace/benchmarks/bcb_subset.zip/bcb_subset/43_func1.java
[INFO] (MainThread) Generating original tokens
[INFO] (MainThread) Successfully ran process_file_contents /workspace/benchmarks/bcb_subset.zip/bcb_subset/43_func1.java
[INFO] (MainThread) Attempting to process_file_contents /workspace/benchmarks/bcb_subset.zip/bcb_subset/49_func1.java
[INFO] (MainThread) Generating original tokens
[INFO] (MainThread) Successfully ran process_file_contents /workspace/benchmarks/bcb_subset.zip/bcb_subset/49_func1.java
[INFO] (MainThread) Attempting to process_file_contents /workspace/benchmarks/bcb_subset.zip/bcb_subset/37_func1.java
[INFO] (MainThread) Generating original tokens
[INFO] (MainThread) Successfully ran process_file_contents /workspace/benchmarks/bcb_subset.zip/bcb_subset/37_func1.java
[INFO] (MainThread) Attempting to process_file_contents /workspace/benchmarks/bcb_subset.zip/bcb_subset/38_func2.java
[INFO] (MainThread) Generating original tokens
[INFO] (MainThread) Successfully ran process_file_contents /workspace/benchmarks/bcb_subset.zip/bcb_subset/38_func2.java
[INFO] (MainThread) Attempting to process_file_contents /workspace/benchmarks/bcb_subset.zip/bcb_subset/37_func2.java
[INFO] (MainThread) Generating original tokens
[INFO] (MainThread) Successfully ran process_file_contents /workspace/benchmarks/bcb_subset.zip/bcb_subset/37_func2.java
[INFO] (MainThread) Attempting to process_file_contents /workspace/benchmarks/bcb_subset.zip/bcb_subset/47_func1.java
[INFO] (MainThread) Generating original tokens
[INFO] (MainThread) Successfully ran process_file_contents /workspace/benchmarks/bcb_subset.zip/bcb_subset/47_func1.java
[INFO] (MainThread) Attempting to process_file_contents /workspace/benchmarks/bcb_subset.zip/bcb_subset/27_func1.java
[INFO] (MainThread) Generating original tokens
[INFO] (MainThread) Successfully ran process_file_contents /workspace/benchmarks/bcb_subset.zip/bcb_subset/27_func1.java
[INFO] (MainThread) Attempting to process_file_contents /workspace/benchmarks/bcb_subset.zip/bcb_subset/27_func2.java
[INFO] (MainThread) Generating original tokens
[INFO] (MainThread) Successfully ran process_file_contents /workspace/benchmarks/bcb_subset.zip/bcb_subset/27_func2.java
[INFO] (MainThread) Attempting to process_file_contents /workspace/benchmarks/bcb_subset.zip/bcb_subset/39_func1.java
[INFO] (MainThread) Generating original tokens
[INFO] (MainThread) Successfully ran process_file_contents /workspace/benchmarks/bcb_subset.zip/bcb_subset/39_func1.java
[INFO] (MainThread) Attempting to process_file_contents /workspace/benchmarks/bcb_subset.zip/bcb_subset/34_func1.java
[INFO] (MainThread) Generating original tokens
[INFO] (MainThread) Successfully ran process_file_contents /workspace/benchmarks/bcb_subset.zip/bcb_subset/34_func1.java
[INFO] (MainThread) Attempting to process_file_contents /workspace/benchmarks/bcb_subset.zip/bcb_subset/47_func2.java
[INFO] (MainThread) Generating original tokens
[INFO] (MainThread) Successfully ran process_file_contents /workspace/benchmarks/bcb_subset.zip/bcb_subset/47_func2.java
[INFO] (MainThread) Attempting to process_file_contents /workspace/benchmarks/bcb_subset.zip/bcb_subset/18_func2.java
[INFO] (MainThread) Generating original tokens
[INFO] (MainThread) Successfully ran process_file_contents /workspace/benchmarks/bcb_subset.zip/bcb_subset/18_func2.java
[INFO] (MainThread) Attempting to process_file_contents /workspace/benchmarks/bcb_subset.zip/bcb_subset/8_func2.java
[INFO] (MainThread) Generating original tokens
[INFO] (MainThread) Successfully ran process_file_contents /workspace/benchmarks/bcb_subset.zip/bcb_subset/8_func2.java
[INFO] (MainThread) Attempting to process_file_contents /workspace/benchmarks/bcb_subset.zip/bcb_subset/6_func2.java
[INFO] (MainThread) Generating original tokens
[INFO] (MainThread) Successfully ran process_file_contents /workspace/benchmarks/bcb_subset.zip/bcb_subset/6_func2.java
[INFO] (MainThread) Attempting to process_file_contents /workspace/benchmarks/bcb_subset.zip/bcb_subset/16_func2.java
[INFO] (MainThread) Generating original tokens
[INFO] (MainThread) Successfully ran process_file_contents /workspace/benchmarks/bcb_subset.zip/bcb_subset/16_func2.java
[INFO] (MainThread) Attempting to process_file_contents /workspace/benchmarks/bcb_subset.zip/bcb_subset/26_func2.java
[INFO] (MainThread) Generating original tokens
[INFO] (MainThread) Successfully ran process_file_contents /workspace/benchmarks/bcb_subset.zip/bcb_subset/26_func2.java
[INFO] (MainThread) Attempting to process_file_contents /workspace/benchmarks/bcb_subset.zip/bcb_subset/28_func1.java
[INFO] (MainThread) Generating original tokens
[INFO] (MainThread) Successfully ran process_file_contents /workspace/benchmarks/bcb_subset.zip/bcb_subset/28_func1.java
[INFO] (MainThread) Attempting to process_file_contents /workspace/benchmarks/bcb_subset.zip/bcb_subset/24_func1.java
[INFO] (MainThread) Generating original tokens
[INFO] (MainThread) Successfully ran process_file_contents /workspace/benchmarks/bcb_subset.zip/bcb_subset/24_func1.java
[INFO] (MainThread) Attempting to process_file_contents /workspace/benchmarks/bcb_subset.zip/bcb_subset/1_func2.java
[INFO] (MainThread) Generating original tokens
[INFO] (MainThread) Successfully ran process_file_contents /workspace/benchmarks/bcb_subset.zip/bcb_subset/1_func2.java
[INFO] (MainThread) Attempting to process_file_contents /workspace/benchmarks/bcb_subset.zip/bcb_subset/43_func2.java
[INFO] (MainThread) Generating original tokens
[INFO] (MainThread) Successfully ran process_file_contents /workspace/benchmarks/bcb_subset.zip/bcb_subset/43_func2.java
[INFO] (MainThread) Attempting to process_file_contents /workspace/benchmarks/bcb_subset.zip/bcb_subset/9_func1.java
[INFO] (MainThread) Generating original tokens
[INFO] (MainThread) Successfully ran process_file_contents /workspace/benchmarks/bcb_subset.zip/bcb_subset/9_func1.java
[INFO] (MainThread) Attempting to process_file_contents /workspace/benchmarks/bcb_subset.zip/bcb_subset/18_func1.java
[INFO] (MainThread) Generating original tokens
[INFO] (MainThread) Successfully ran process_file_contents /workspace/benchmarks/bcb_subset.zip/bcb_subset/18_func1.java
[INFO] (MainThread) Attempting to process_file_contents /workspace/benchmarks/bcb_subset.zip/bcb_subset/42_func2.java
[INFO] (MainThread) Generating original tokens
[INFO] (MainThread) Successfully ran process_file_contents /workspace/benchmarks/bcb_subset.zip/bcb_subset/42_func2.java
[INFO] (MainThread) Attempting to process_file_contents /workspace/benchmarks/bcb_subset.zip/bcb_subset/39_func2.java
[INFO] (MainThread) Generating original tokens
[INFO] (MainThread) Successfully ran process_file_contents /workspace/benchmarks/bcb_subset.zip/bcb_subset/39_func2.java
[INFO] (MainThread) Attempting to process_file_contents /workspace/benchmarks/bcb_subset.zip/bcb_subset/29_func2.java
[INFO] (MainThread) Generating original tokens
[INFO] (MainThread) Successfully ran process_file_contents /workspace/benchmarks/bcb_subset.zip/bcb_subset/29_func2.java
[INFO] (MainThread) Attempting to process_file_contents /workspace/benchmarks/bcb_subset.zip/bcb_subset/9_func2.java
[INFO] (MainThread) Generating original tokens
[INFO] (MainThread) Successfully ran process_file_contents /workspace/benchmarks/bcb_subset.zip/bcb_subset/9_func2.java
[INFO] (MainThread) Attempting to process_file_contents /workspace/benchmarks/bcb_subset.zip/bcb_subset/21_func2.java
[INFO] (MainThread) Generating original tokens
[INFO] (MainThread) Successfully ran process_file_contents /workspace/benchmarks/bcb_subset.zip/bcb_subset/21_func2.java
[INFO] (MainThread) Attempting to process_file_contents /workspace/benchmarks/bcb_subset.zip/bcb_subset/8_func1.java
[INFO] (MainThread) Generating original tokens
[INFO] (MainThread) Successfully ran process_file_contents /workspace/benchmarks/bcb_subset.zip/bcb_subset/8_func1.java
[INFO] (MainThread) Attempting to process_file_contents /workspace/benchmarks/bcb_subset.zip/bcb_subset/36_func1.java
[INFO] (MainThread) Generating original tokens
[INFO] (MainThread) Successfully ran process_file_contents /workspace/benchmarks/bcb_subset.zip/bcb_subset/36_func1.java
[INFO] (MainThread) Attempting to process_file_contents /workspace/benchmarks/bcb_subset.zip/bcb_subset/29_func1.java
[INFO] (MainThread) Generating original tokens
[INFO] (MainThread) Successfully ran process_file_contents /workspace/benchmarks/bcb_subset.zip/bcb_subset/29_func1.java
[INFO] (MainThread) Attempting to process_file_contents /workspace/benchmarks/bcb_subset.zip/bcb_subset/5_func1.java
[INFO] (MainThread) Generating original tokens
[INFO] (MainThread) Successfully ran process_file_contents /workspace/benchmarks/bcb_subset.zip/bcb_subset/5_func1.java
[INFO] (MainThread) Attempting to process_file_contents /workspace/benchmarks/bcb_subset.zip/bcb_subset/17_func1.java
[INFO] (MainThread) Generating original tokens
[INFO] (MainThread) Successfully ran process_file_contents /workspace/benchmarks/bcb_subset.zip/bcb_subset/17_func1.java
[INFO] (MainThread) Attempting to process_file_contents /workspace/benchmarks/bcb_subset.zip/bcb_subset/14_func1.java
[INFO] (MainThread) Generating original tokens
[INFO] (MainThread) Successfully ran process_file_contents /workspace/benchmarks/bcb_subset.zip/bcb_subset/14_func1.java
[INFO] (MainThread) Attempting to process_file_contents /workspace/benchmarks/bcb_subset.zip/bcb_subset/25_func2.java
[INFO] (MainThread) Generating original tokens
[INFO] (MainThread) Successfully ran process_file_contents /workspace/benchmarks/bcb_subset.zip/bcb_subset/25_func2.java
[INFO] (MainThread) Attempting to process_file_contents /workspace/benchmarks/bcb_subset.zip/bcb_subset/16_func1.java
[INFO] (MainThread) Generating original tokens
[INFO] (MainThread) Successfully ran process_file_contents /workspace/benchmarks/bcb_subset.zip/bcb_subset/16_func1.java
[INFO] (MainThread) Attempting to process_file_contents /workspace/benchmarks/bcb_subset.zip/bcb_subset/41_func2.java
[INFO] (MainThread) Generating original tokens
[INFO] (MainThread) Successfully ran process_file_contents /workspace/benchmarks/bcb_subset.zip/bcb_subset/41_func2.java
[INFO] (MainThread) Attempting to process_file_contents /workspace/benchmarks/bcb_subset.zip/bcb_subset/13_func2.java
[INFO] (MainThread) Generating original tokens
[INFO] (MainThread) Successfully ran process_file_contents /workspace/benchmarks/bcb_subset.zip/bcb_subset/13_func2.java
[INFO] (MainThread) Attempting to process_file_contents /workspace/benchmarks/bcb_subset.zip/bcb_subset/48_func1.java
[INFO] (MainThread) Generating original tokens
[INFO] (MainThread) Successfully ran process_file_contents /workspace/benchmarks/bcb_subset.zip/bcb_subset/48_func1.java
[INFO] (MainThread) Attempting to process_file_contents /workspace/benchmarks/bcb_subset.zip/bcb_subset/26_func1.java
[INFO] (MainThread) Generating original tokens
[INFO] (MainThread) Successfully ran process_file_contents /workspace/benchmarks/bcb_subset.zip/bcb_subset/26_func1.java
[INFO] (MainThread) Attempting to process_file_contents /workspace/benchmarks/bcb_subset.zip/bcb_subset/48_func2.java
[INFO] (MainThread) Generating original tokens
[INFO] (MainThread) Successfully ran process_file_contents /workspace/benchmarks/bcb_subset.zip/bcb_subset/48_func2.java
[INFO] (MainThread) Attempting to process_file_contents /workspace/benchmarks/bcb_subset.zip/bcb_subset/3_func1.java
[INFO] (MainThread) Generating original tokens
[INFO] (MainThread) Successfully ran process_file_contents /workspace/benchmarks/bcb_subset.zip/bcb_subset/3_func1.java
[INFO] (MainThread) Attempting to process_file_contents /workspace/benchmarks/bcb_subset.zip/bcb_subset/20_func1.java
[INFO] (MainThread) Generating original tokens
[INFO] (MainThread) Successfully ran process_file_contents /workspace/benchmarks/bcb_subset.zip/bcb_subset/20_func1.java
[INFO] (MainThread) Attempting to process_file_contents /workspace/benchmarks/bcb_subset.zip/bcb_subset/33_func1.java
[INFO] (MainThread) Generating original tokens
[INFO] (MainThread) Successfully ran process_file_contents /workspace/benchmarks/bcb_subset.zip/bcb_subset/33_func1.java
[INFO] (MainThread) Attempting to process_file_contents /workspace/benchmarks/bcb_subset.zip/bcb_subset/1_func1.java
[INFO] (MainThread) Generating original tokens
[INFO] (MainThread) Successfully ran process_file_contents /workspace/benchmarks/bcb_subset.zip/bcb_subset/1_func1.java
[INFO] (MainThread) Attempting to process_file_contents /workspace/benchmarks/bcb_subset.zip/bcb_subset/5_func2.java
[INFO] (MainThread) Generating original tokens
[INFO] (MainThread) Successfully ran process_file_contents /workspace/benchmarks/bcb_subset.zip/bcb_subset/5_func2.java
[INFO] (MainThread) Attempting to process_file_contents /workspace/benchmarks/bcb_subset.zip/bcb_subset/15_func1.java
[INFO] (MainThread) Generating original tokens
[INFO] (MainThread) Successfully ran process_file_contents /workspace/benchmarks/bcb_subset.zip/bcb_subset/15_func1.java
[INFO] (MainThread) Attempting to process_file_contents /workspace/benchmarks/bcb_subset.zip/bcb_subset/41_func1.java
[INFO] (MainThread) Generating original tokens
[INFO] (MainThread) Successfully ran process_file_contents /workspace/benchmarks/bcb_subset.zip/bcb_subset/41_func1.java
[INFO] (MainThread) Attempting to process_file_contents /workspace/benchmarks/bcb_subset.zip/bcb_subset/4_func2.java
[INFO] (MainThread) Generating original tokens
[INFO] (MainThread) Successfully ran process_file_contents /workspace/benchmarks/bcb_subset.zip/bcb_subset/4_func2.java
[INFO] (MainThread) Attempting to process_file_contents /workspace/benchmarks/bcb_subset.zip/bcb_subset/46_func2.java
[INFO] (MainThread) Generating original tokens
[INFO] (MainThread) Successfully ran process_file_contents /workspace/benchmarks/bcb_subset.zip/bcb_subset/46_func2.java
[INFO] (MainThread) Attempting to process_file_contents /workspace/benchmarks/bcb_subset.zip/bcb_subset/32_func1.java
[INFO] (MainThread) Generating original tokens
[INFO] (MainThread) Successfully ran process_file_contents /workspace/benchmarks/bcb_subset.zip/bcb_subset/32_func1.java
[INFO] (MainThread) Attempting to process_file_contents /workspace/benchmarks/bcb_subset.zip/bcb_subset/0_func2.java
[INFO] (MainThread) Generating original tokens
[INFO] (MainThread) Successfully ran process_file_contents /workspace/benchmarks/bcb_subset.zip/bcb_subset/0_func2.java
[INFO] (MainThread) Attempting to process_file_contents /workspace/benchmarks/bcb_subset.zip/bcb_subset/44_func1.java
[INFO] (MainThread) Generating original tokens
[INFO] (MainThread) Successfully ran process_file_contents /workspace/benchmarks/bcb_subset.zip/bcb_subset/44_func1.java
[INFO] (MainThread) Attempting to process_file_contents /workspace/benchmarks/bcb_subset.zip/bcb_subset/44_func2.java
[INFO] (MainThread) Generating original tokens
[INFO] (MainThread) Successfully ran process_file_contents /workspace/benchmarks/bcb_subset.zip/bcb_subset/44_func2.java
[INFO] (MainThread) Attempting to process_file_contents /workspace/benchmarks/bcb_subset.zip/bcb_subset/33_func2.java
[INFO] (MainThread) Generating original tokens
[INFO] (MainThread) Successfully ran process_file_contents /workspace/benchmarks/bcb_subset.zip/bcb_subset/33_func2.java
[INFO] (MainThread) Attempting to process_file_contents /workspace/benchmarks/bcb_subset.zip/bcb_subset/10_func1.java
[INFO] (MainThread) Generating original tokens
[INFO] (MainThread) Successfully ran process_file_contents /workspace/benchmarks/bcb_subset.zip/bcb_subset/10_func1.java
[INFO] (MainThread) Attempting to process_file_contents /workspace/benchmarks/bcb_subset.zip/bcb_subset/22_func1.java
[INFO] (MainThread) Generating original tokens
[INFO] (MainThread) Successfully ran process_file_contents /workspace/benchmarks/bcb_subset.zip/bcb_subset/22_func1.java
[INFO] (MainThread) Attempting to process_file_contents /workspace/benchmarks/bcb_subset.zip/bcb_subset/13_func1.java
[INFO] (MainThread) Generating original tokens
[INFO] (MainThread) Successfully ran process_file_contents /workspace/benchmarks/bcb_subset.zip/bcb_subset/13_func1.java
[INFO] (MainThread) Attempting to process_file_contents /workspace/benchmarks/bcb_subset.zip/bcb_subset/45_func2.java
[INFO] (MainThread) Generating original tokens
[INFO] (MainThread) Successfully ran process_file_contents /workspace/benchmarks/bcb_subset.zip/bcb_subset/45_func2.java
[INFO] (MainThread) Attempting to process_file_contents /workspace/benchmarks/bcb_subset.zip/bcb_subset/31_func2.java
[INFO] (MainThread) Generating original tokens
[INFO] (MainThread) Successfully ran process_file_contents /workspace/benchmarks/bcb_subset.zip/bcb_subset/31_func2.java
[INFO] (MainThread) Attempting to process_file_contents /workspace/benchmarks/bcb_subset.zip/bcb_subset/10_func2.java
[INFO] (MainThread) Generating original tokens
[INFO] (MainThread) Successfully ran process_file_contents /workspace/benchmarks/bcb_subset.zip/bcb_subset/10_func2.java
[INFO] (MainThread) Attempting to process_file_contents /workspace/benchmarks/bcb_subset.zip/bcb_subset/28_func2.java
[INFO] (MainThread) Generating original tokens
[INFO] (MainThread) Successfully ran process_file_contents /workspace/benchmarks/bcb_subset.zip/bcb_subset/28_func2.java
[INFO] (MainThread) Attempting to process_file_contents /workspace/benchmarks/bcb_subset.zip/bcb_subset/30_func2.java
[INFO] (MainThread) Generating original tokens
[INFO] (MainThread) Successfully ran process_file_contents /workspace/benchmarks/bcb_subset.zip/bcb_subset/30_func2.java
[INFO] (MainThread) Attempting to process_file_contents /workspace/benchmarks/bcb_subset.zip/bcb_subset/24_func2.java
[INFO] (MainThread) Generating original tokens
[INFO] (MainThread) Successfully ran process_file_contents /workspace/benchmarks/bcb_subset.zip/bcb_subset/24_func2.java
[INFO] (MainThread) Attempting to process_file_contents /workspace/benchmarks/bcb_subset.zip/bcb_subset/17_func2.java
[INFO] (MainThread) Generating original tokens
[INFO] (MainThread) Successfully ran process_file_contents /workspace/benchmarks/bcb_subset.zip/bcb_subset/17_func2.java
[INFO] (MainThread) Attempting to process_file_contents /workspace/benchmarks/bcb_subset.zip/bcb_subset/14_func2.java
[INFO] (MainThread) Generating original tokens
[INFO] (MainThread) Successfully ran process_file_contents /workspace/benchmarks/bcb_subset.zip/bcb_subset/14_func2.java
[INFO] (MainThread) Attempting to process_file_contents /workspace/benchmarks/bcb_subset.zip/bcb_subset/32_func2.java
[INFO] (MainThread) Generating original tokens
[INFO] (MainThread) Successfully ran process_file_contents /workspace/benchmarks/bcb_subset.zip/bcb_subset/32_func2.java
[INFO] (MainThread) Attempting to process_file_contents /workspace/benchmarks/bcb_subset.zip/bcb_subset/11_func1.java
[INFO] (MainThread) Generating original tokens
[INFO] (MainThread) Successfully ran process_file_contents /workspace/benchmarks/bcb_subset.zip/bcb_subset/11_func1.java
[INFO] (MainThread) Attempting to process_file_contents /workspace/benchmarks/bcb_subset.zip/bcb_subset/45_func1.java
[INFO] (MainThread) Generating original tokens
[INFO] (MainThread) Successfully ran process_file_contents /workspace/benchmarks/bcb_subset.zip/bcb_subset/45_func1.java
[INFO] (MainThread) Attempting to process_file_contents /workspace/benchmarks/bcb_subset.zip/bcb_subset/30_func1.java
[INFO] (MainThread) Generating original tokens
[INFO] (MainThread) Successfully ran process_file_contents /workspace/benchmarks/bcb_subset.zip/bcb_subset/30_func1.java
[INFO] (MainThread) Attempting to process_file_contents /workspace/benchmarks/bcb_subset.zip/bcb_subset/7_func2.java
[INFO] (MainThread) Generating original tokens
[INFO] (MainThread) Successfully ran process_file_contents /workspace/benchmarks/bcb_subset.zip/bcb_subset/7_func2.java
[INFO] (MainThread) Attempting to process_file_contents /workspace/benchmarks/bcb_subset.zip/bcb_subset/22_func2.java
[INFO] (MainThread) Generating original tokens
[INFO] (MainThread) Successfully ran process_file_contents /workspace/benchmarks/bcb_subset.zip/bcb_subset/22_func2.java
[INFO] (MainThread) Attempting to process_file_contents /workspace/benchmarks/bcb_subset.zip/bcb_subset/19_func2.java
[INFO] (MainThread) Generating original tokens
[INFO] (MainThread) Successfully ran process_file_contents /workspace/benchmarks/bcb_subset.zip/bcb_subset/19_func2.java
[INFO] (MainThread) Attempting to process_file_contents /workspace/benchmarks/bcb_subset.zip/bcb_subset/3_func2.java
[INFO] (MainThread) Generating original tokens
[INFO] (MainThread) Successfully ran process_file_contents /workspace/benchmarks/bcb_subset.zip/bcb_subset/3_func2.java
[INFO] (MainThread) Attempting to process_file_contents /workspace/benchmarks/bcb_subset.zip/bcb_subset/23_func1.java
[INFO] (MainThread) Generating original tokens
[INFO] (MainThread) Successfully ran process_file_contents /workspace/benchmarks/bcb_subset.zip/bcb_subset/23_func1.java
[INFO] (MainThread) Attempting to process_file_contents /workspace/benchmarks/bcb_subset.zip/bcb_subset/7_func1.java
[INFO] (MainThread) Generating original tokens
[INFO] (MainThread) Successfully ran process_file_contents /workspace/benchmarks/bcb_subset.zip/bcb_subset/7_func1.java
[INFO] (MainThread) Attempting to process_file_contents /workspace/benchmarks/bcb_subset.zip/bcb_subset/4_func1.java
[INFO] (MainThread) Generating original tokens
[INFO] (MainThread) Successfully ran process_file_contents /workspace/benchmarks/bcb_subset.zip/bcb_subset/4_func1.java
[INFO] (MainThread) Attempting to process_file_contents /workspace/benchmarks/bcb_subset.zip/bcb_subset/23_func2.java
[INFO] (MainThread) Generating original tokens
[INFO] (MainThread) Successfully ran process_file_contents /workspace/benchmarks/bcb_subset.zip/bcb_subset/23_func2.java
[INFO] (MainThread) Attempting to process_file_contents /workspace/benchmarks/bcb_subset.zip/bcb_subset/38_func1.java
[INFO] (MainThread) Generating original tokens
[INFO] (MainThread) Successfully ran process_file_contents /workspace/benchmarks/bcb_subset.zip/bcb_subset/38_func1.java
[INFO] (MainThread) Attempting to process_file_contents /workspace/benchmarks/bcb_subset.zip/bcb_subset/46_func1.java
[INFO] (MainThread) Generating original tokens
[INFO] (MainThread) Successfully ran process_file_contents /workspace/benchmarks/bcb_subset.zip/bcb_subset/46_func1.java
[INFO] (MainThread) Attempting to process_file_contents /workspace/benchmarks/bcb_subset.zip/bcb_subset/15_func2.java
[INFO] (MainThread) Generating original tokens
[INFO] (MainThread) Successfully ran process_file_contents /workspace/benchmarks/bcb_subset.zip/bcb_subset/15_func2.java
[INFO] (MainThread) Attempting to process_file_contents /workspace/benchmarks/bcb_subset.zip/bcb_subset/19_func1.java
[INFO] (MainThread) Generating original tokens
[INFO] (MainThread) Successfully ran process_file_contents /workspace/benchmarks/bcb_subset.zip/bcb_subset/19_func1.java
[INFO] (MainThread) Attempting to process_file_contents /workspace/benchmarks/bcb_subset.zip/bcb_subset/0_func1.java
[INFO] (MainThread) Generating original tokens
[INFO] (MainThread) Successfully ran process_file_contents /workspace/benchmarks/bcb_subset.zip/bcb_subset/0_func1.java
[INFO] (MainThread) Attempting to process_file_contents /workspace/benchmarks/bcb_subset.zip/bcb_subset/2_func1.java
[INFO] (MainThread) Generating original tokens
[INFO] (MainThread) Successfully ran process_file_contents /workspace/benchmarks/bcb_subset.zip/bcb_subset/2_func1.java
[INFO] (MainThread) Attempting to process_file_contents /workspace/benchmarks/bcb_subset.zip/bcb_subset/36_func2.java
[INFO] (MainThread) Generating original tokens
[INFO] (MainThread) Successfully ran process_file_contents /workspace/benchmarks/bcb_subset.zip/bcb_subset/36_func2.java
[INFO] (MainThread) Attempting to process_file_contents /workspace/benchmarks/bcb_subset.zip/bcb_subset/2_func2.java
[INFO] (MainThread) Generating original tokens
[INFO] (MainThread) Successfully ran process_file_contents /workspace/benchmarks/bcb_subset.zip/bcb_subset/2_func2.java
[INFO] (MainThread) Attempting to process_file_contents /workspace/benchmarks/bcb_subset.zip/bcb_subset/35_func1.java
[INFO] (MainThread) Generating original tokens
[INFO] (MainThread) Successfully ran process_file_contents /workspace/benchmarks/bcb_subset.zip/bcb_subset/35_func1.java
[INFO] (MainThread) Attempting to process_file_contents /workspace/benchmarks/bcb_subset.zip/bcb_subset/21_func1.java
[INFO] (MainThread) Generating original tokens
[INFO] (MainThread) Successfully ran process_file_contents /workspace/benchmarks/bcb_subset.zip/bcb_subset/21_func1.java
[INFO] (MainThread) Attempting to process_file_contents /workspace/benchmarks/bcb_subset.zip/bcb_subset/31_func1.java
[INFO] (MainThread) Generating original tokens
[INFO] (MainThread) Successfully ran process_file_contents /workspace/benchmarks/bcb_subset.zip/bcb_subset/31_func1.java
[INFO] (MainThread) Attempting to process_file_contents /workspace/benchmarks/bcb_subset.zip/bcb_subset/34_func2.java
[INFO] (MainThread) Generating original tokens
[INFO] (MainThread) Successfully ran process_file_contents /workspace/benchmarks/bcb_subset.zip/bcb_subset/34_func2.java
[INFO] (MainThread) Attempting to process_file_contents /workspace/benchmarks/bcb_subset.zip/bcb_subset/42_func1.java
[INFO] (MainThread) Generating original tokens
[INFO] (MainThread) Successfully ran process_file_contents /workspace/benchmarks/bcb_subset.zip/bcb_subset/42_func1.java
[INFO] (MainThread) Attempting to process_file_contents /workspace/benchmarks/bcb_subset.zip/bcb_subset/40_func1.java
[INFO] (MainThread) Generating original tokens
[INFO] (MainThread) Successfully ran process_file_contents /workspace/benchmarks/bcb_subset.zip/bcb_subset/40_func1.java
[INFO] (MainThread) Attempting to process_file_contents /workspace/benchmarks/bcb_subset.zip/bcb_subset/11_func2.java
[INFO] (MainThread) Generating original tokens
[INFO] (MainThread) Successfully ran process_file_contents /workspace/benchmarks/bcb_subset.zip/bcb_subset/11_func2.java
[INFO] (MainThread) Attempting to process_file_contents /workspace/benchmarks/bcb_subset.zip/bcb_subset/40_func2.java
[INFO] (MainThread) Generating original tokens
[INFO] (MainThread) Successfully ran process_file_contents /workspace/benchmarks/bcb_subset.zip/bcb_subset/40_func2.java
[INFO] (MainThread) Attempting to process_file_contents /workspace/benchmarks/bcb_subset.zip/bcb_subset/12_func2.java
[INFO] (MainThread) Generating original tokens
[INFO] (MainThread) Successfully ran process_file_contents /workspace/benchmarks/bcb_subset.zip/bcb_subset/12_func2.java
[INFO] (MainThread) Attempting to process_file_contents /workspace/benchmarks/bcb_subset.zip/bcb_subset/35_func2.java
[INFO] (MainThread) Generating original tokens
[INFO] (MainThread) Successfully ran process_file_contents /workspace/benchmarks/bcb_subset.zip/bcb_subset/35_func2.java
[INFO] (MainThread) Attempting to process_file_contents /workspace/benchmarks/bcb_subset.zip/bcb_subset/6_func1.java
[INFO] (MainThread) Generating original tokens
[INFO] (MainThread) Successfully ran process_file_contents /workspace/benchmarks/bcb_subset.zip/bcb_subset/6_func1.java
[INFO] (MainThread) Attempting to process_file_contents /workspace/benchmarks/bcb_subset.zip/bcb_subset/49_func2.java
[INFO] (MainThread) Generating original tokens
[INFO] (MainThread) Successfully ran process_file_contents /workspace/benchmarks/bcb_subset.zip/bcb_subset/49_func2.java
[INFO] (MainThread) Attempting to process_file_contents /workspace/benchmarks/bcb_subset.zip/bcb_subset/25_func1.java
[INFO] (MainThread) Generating original tokens
[INFO] (MainThread) Successfully ran process_file_contents /workspace/benchmarks/bcb_subset.zip/bcb_subset/25_func1.java
[INFO] (MainThread) Attempting to process_file_contents /workspace/benchmarks/bcb_subset.zip/bcb_subset/20_func2.java
[INFO] (MainThread) Generating original tokens
[INFO] (MainThread) Successfully ran process_file_contents /workspace/benchmarks/bcb_subset.zip/bcb_subset/20_func2.java
[INFO] (MainThread) Attempting to process_file_contents /workspace/benchmarks/bcb_subset.zip/bcb_subset/12_func1.java
[INFO] (MainThread) Generating original tokens
[INFO] (MainThread) Successfully ran process_file_contents /workspace/benchmarks/bcb_subset.zip/bcb_subset/12_func1.java
[INFO] (MainThread) Successfully ran process_zip_ball /workspace/benchmarks/bcb_subset.zip
[INFO] (MainThread) Project finished <1,/workspace/benchmarks/bcb_subset.zip> (process 0)
[INFO] (MainThread)  (0): Total: 0:00:00.187681micros | Zip: 15338 Read: 7166 Separators: 6883micros Tokens: 41044micros Write: 2890micros Hash: 5053 regex: 8960
[INFO] (MainThread) Process 0 finished. 100 files in 0s.
*** No more projects to process. Waiting for children to finish...
Process 0 finished, 100 files processed (101). Current total: 100
*** All done. 100 files in 0:00:00.204067
root@27117a4719a9:/workspace/logs#