PS C:\Users\User\OneDrive\Desktop\CMPT470\M3\SourcererCC> docker build -t sourcerercc .
>>
[+] Building 197.2s (9/9) FINISHED                docker:desktop-linux 
 => [internal] load build definition from dockerfile              0.2s 
 => => transferring dockerfile: 436B                              0.1s 
 => [internal] load metadata for docker.io/library/ubuntu:22.04   2.2s 
 => [internal] load .dockerignore                                 0.1s 
 => => transferring context: 2B                                   0.0s 
 => => sha256:b1cba2e842ca52b95817f958faf99734 29.54MB / 29.54MB  6.6s 
 => => extracting sha256:b1cba2e842ca52b95817f958faf99734080c78e  8.2s 
 => [internal] load build context                                36.2s 
 => => transferring context: 364.00MB                            36.2s 
 => [2/4] RUN apt-get update && apt-get install -y --no-install  80.9s 
 => [3/4] WORKDIR /workspace                                      0.2s 
 => [4/4] COPY . /workspace                                       9.8s 
 => exporting to image                                           86.6s 
 => => exporting layers                                          55.7s 
 => => exporting manifest sha256:59db23d7e3f5b0b02a95b1f818f06f4  0.0s 
 => => exporting config sha256:d4509501b05bcfe800e23ae0c6c4bd14b  0.0s 
 => => exporting attestation manifest sha256:5cd18bd48e9a6263a20  0.0s
 => => exporting manifest list sha256:9dbf06d63b38053b915e5febc4  0.0s
 => => naming to docker.io/library/sourcerercc:latest             0.0s
 => => unpacking to docker.io/library/sourcerercc:latest         29.9s

View build details: docker-desktop://dashboard/build/desktop-linux/desktop-linux/wi95cq0buwecwtjj912nrxbey
PS C:\Users\User\OneDrive\Desktop\CMPT470\M3\SourcererCC> docker run --rm -it sourcerercc bash
root@b544a82ef93f:/workspace# python3 --version
Python 3.10.12
root@b544a82ef93f:/workspace# java -version
Picked up JAVA_TOOL_OPTIONS: -Dfile.encoding=UTF-8
openjdk version "11.0.30" 2026-01-20
OpenJDK Runtime Environment (build 11.0.30+7-post-Ubuntu-1ubuntu122.04)OpenJDK 64-Bit Server VM (build 11.0.30+7-post-Ubuntu-1ubuntu122.04, mixed mode, sharing)
root@b544a82ef93f:/workspace# ls
LICENSE    WebApp          dockerfile        scripts-data-analysis
README.md  clone-detector  requirements.txt  tokenizers



root@b544a82ef93f:/workspace# ls tokenizers/file-level 
cleanup.sh  config.ini  db-importer  tokenizer-sample-input.tgz  tokenizer-sample-input.zip  tokenizer-unit-test.py  tokenizer.py  utils
root@b544a82ef93f:/workspace# ls clone_detector
ls: cannot access 'clone_detector': No such file or directory
root@b544a82ef93f:/workspace# ls clone-detector
README.md       cleanup.sh          input                   move-index.sh         restore-gtpm.sh       runValidation.sh    runparser.sh             src
analyze.py      controller.py       lib                     preparequery.sh       run.sh                runexp.sh           search_status.sh         test.sh
backup-gtpm.sh  copy_properties.sh  mergeindexes-cygwin.sh  replacenodeprefix.sh  runAggregator.sh      runnodes-cygwin.sh  sourcerer-cc.properties  unevensplit.py
build.xml       execute.sh          mergeindexes.sh         res                   runPostProcessing.sh  runnodes.sh         splitquery.sh


### Tokenizer Smoke Test (error)
root@b544a82ef93f:/workspace# cd tokenizers/file-level
root@b544a82ef93f:/workspace/tokenizers/file-level# python3 tokenizer.py 2>&1 | head -n 40
' zip ' format
Traceback (most recent call last):
  File "/workspace/tokenizers/file-level/tokenizer.py", line 557, in <module>
    with open(FILE_projects_list) as f:
FileNotFoundError: [Errno 2] No such file or directory: 'project-list.txt'
root@b544a82ef93f:/workspace/tokenizers/file-level# 



### Tokenizer Smoke Test (success)
root@fefd736b2db1:/workspace/tokenizers/file-level# ls
cleanup.sh  db-importer                 tokenizer-sample-input.zip  tokenizer.py
config.ini  tokenizer-sample-input.tgz  tokenizer-unit-test.py      utils       
root@fefd736b2db1:/workspace/tokenizers/file-level# cat > /tmp/miniproj/Hello.java << 'EOF'
> public class Hello {
>   public static void main(String[] args) {
>     System.out.println("hi");
>   }
> }
> EOF
root@fefd736b2db1:/workspace/tokenizers/file-level# cd /tmp
root@fefd736b2db1:/tmp# zip -r miniproj.zip miniproj >/dev/null 
root@fefd736b2db1:/tmp# mv /tmp/miniproj.zip /workspace/tokenizerace/tokenizers/file-levs/file-level/miniproj.zip
root@fefd736b2db1:/tmp# cd /workspace/tokenizers/file-level      le_extensions *=.*/File
root@fefd736b2db1:/workspace/tokenizers/file-level# echo "/workspace/tokenizers/file-level/miniproj.zip" > project-list.txt       
root@fefd736b2db1:/workspace/tokenizers/file-level# sed -i 's/^File_extensions *=.*/File_extensions = .java/' config.ini
root@fefd736b2db1:/workspace/tokenizers/file-level# ls
cleanup.sh    project-list.txt            tokenizer.py
config.ini    tokenizer-sample-input.tgz  utils
db-importer   tokenizer-sample-input.zip
miniproj.zip  tokenizer-unit-test.py
root@fefd736b2db1:/workspace/tokenizers/file-level# python3 tokenizer.py zip
' zip ' format
*** Starting priority projects...
*** Starting regular projects...
Starting new process 0
*** No more projects to process. Waiting for children to finish...
[INFO] (MainThread) Process 0 starting
[INFO] (MainThread) Starting zip project <1,/workspace/tokenizers/file-level/miniproj.zip> (process 0)
[INFO] (MainThread) Attempting to process_zip_ball /workspace/tokenizers/file-level/miniproj.zip
[INFO] (MainThread) Attempting to process_file_contents /workspace/tokenizers/file-level/miniproj.zip/miniproj/Hello.java
[INFO] (MainThread) Generating original tokens
[INFO] (MainThread) Successfully ran process_file_contents /workspace/tokenizers/file-level/miniproj.zip/miniproj/Hello.java      
[INFO] (MainThread) Successfully ran process_zip_ball /workspace/tokenizers/file-level/miniproj.zip
[INFO] (MainThread) Project finished <1,/workspace/tokenizers/file-level/miniproj.zip> (process 0)
[INFO] (MainThread)  (0): Total: 0:00:00.026204micros | Zip: 1036 Read: 163 Separators: 60micros Tokens: 241micros Write: 612micros Hash: 1374 regex: 2324
[INFO] (MainThread) Process 0 finished. 1 files in 0s.
Process 0 finished, 1 files processed (2). Current total: 1
*** All done. 1 files in 0:00:00.074404
root@fefd736b2db1:/workspace/tokenizers/file-level# ls -la | grep -E "bookkeeping_projs|files_stats|files_tokens"
drwxr-xr-x 2 root root     4096 Feb 19 19:50 bookkeeping_projs   
drwxr-xr-x 2 root root     4096 Feb 19 19:50 files_stats
drwxr-xr-x 2 root root     4096 Feb 19 19:50 files_tokens
root@fefd736b2db1:/workspace/tokenizers/file-level# mkdir -p /workspace/SourcererCC/logs
root@fefd736b2db1:/workspace/tokenizers/file-level# python3 tokenizer.py zip 2>&1 | tee /workspace/SourcererCC/logs/tokenizer_smoketest.log
' zip ' format
ERROR - Folder [files_stats] or [bookkeeping_projs] or [files_tokens] or [logs] already exists!
root@fefd736b2db1:/workspace/tokenizers/file-level# ls
bookkeeping_projs  config.ini   files_stats   logs          project-list.txt            tokenizer-sample-input.zip  tokenizer.py
cleanup.sh         db-importer  files_tokens  miniproj.zip  tokenizer-sample-input.tgz  tokenizer-unit-test.py      utils       
root@fefd736b2db1:/workspace/tokenizers/file-level# cd ..
root@fefd736b2db1:/workspace/tokenizers# cd ..
root@fefd736b2db1:/workspace# ls
LICENSE  README.md  SourcererCC  WebApp  clone-detector  dockerfile  requirements.txt  scripts-data-analysis  tokenizers
root@fefd736b2db1:/workspace# cd SourcererCC
root@fefd736b2db1:/workspace/SourcererCC#
root@fefd736b2db1:/workspace/SourcererCC# l
logs/
root@fefd736b2db1:/workspace/SourcererCC# ls
logs
root@fefd736b2db1:/workspace/SourcererCC# cd logs
root@fefd736b2db1:/workspace/SourcererCC/logs# ls
tokenizer_smoketest.log
root@fefd736b2db1:/workspace/SourcererCC/logs# cat tokenizer_smoketest.log
' zip ' format
ERROR - Folder [files_stats] or [bookkeeping_projs] or [files_tokens] or [logs] already exists!
root@fefd736b2db1:/workspace/SourcererCC/logs# cd /workspace/tokenizers/file-level
root@fefd736b2db1:/workspace/tokenizers/file-level# ls
bookkeeping_projs  config.ini   files_stats   logs          project-list.txt            tokenizer-sample-input.zip  tokenizer.py
cleanup.sh         db-importer  files_tokens  miniproj.zip  tokenizer-sample-input.tgz  tokenizer-unit-test.py      utils
root@fefd736b2db1:/workspace/tokenizers/file-level# cd losgs
bash: cd: losgs: No such file or directory
root@fefd736b2db1:/workspace/tokenizers/file-level# cd logs
root@fefd736b2db1:/workspace/tokenizers/file-level/logs# ls
LOG-0.log
root@fefd736b2db1:/workspace/tokenizers/file-level/logs# cd ..
root@fefd736b2db1:/workspace/tokenizers/file-level# rm -rf bookkeeping_projs files_stats files_tokens logs
root@fefd736b2db1:/workspace/tokenizers/file-level# python3 tokenizer.py zip 2>&1 | tee /workspace/SourcererCC/logs/tokenizer_smoketest.log
' zip ' format
*** Starting priority projects...
*** Starting regular projects...
Starting new process 0
[INFO] (MainThread) Process 0 starting
[INFO] (MainThread) Starting zip project <1,/workspace/tokenizers/file-level/miniproj.zip> (process 0)
[INFO] (MainThread) Attempting to process_zip_ball /workspace/tokenizers/file-level/miniproj.zip
[INFO] (MainThread) Attempting to process_file_contents /workspace/tokenizers/file-level/miniproj.zip/miniproj/Hello.java
[INFO] (MainThread) Generating original tokens
[INFO] (MainThread) Successfully ran process_file_contents /workspace/tokenizers/file-level/miniproj.zip/miniproj/Hello.java
[INFO] (MainThread) Successfully ran process_zip_ball /workspace/tokenizers/file-level/miniproj.zip
[INFO] (MainThread) Project finished <1,/workspace/tokenizers/file-level/miniproj.zip> (process 0)
[INFO] (MainThread)  (0): Total: 0:00:00.011298micros | Zip: 253 Read: 152 Separators: 15micros Tokens: 169micros Write: 49micros Hash: 595 regex: 1642
[INFO] (MainThread) Process 0 finished. 1 files in 0s.
*** No more projects to process. Waiting for children to finish...
Process 0 finished, 1 files processed (2). Current total: 1
*** All done. 1 files in 0:00:00.027787
root@fefd736b2db1:/workspace/tokenizers/file-level# ls -d bookkeeping_projs files_stats files_tokens
bookkeeping_projs  files_stats  files_tokens
root@fefd736b2db1:/workspace/tokenizers/file-level# cat /workspace/SourcererCC/logs/tokenizer_smoketest.log
' zip ' format
*** Starting priority projects...
*** Starting regular projects...
Starting new process 0
[INFO] (MainThread) Process 0 starting
[INFO] (MainThread) Starting zip project <1,/workspace/tokenizers/file-level/miniproj.zip> (process 0)
[INFO] (MainThread) Attempting to process_zip_ball /workspace/tokenizers/file-level/miniproj.zip
[INFO] (MainThread) Attempting to process_file_contents /workspace/tokenizers/file-level/miniproj.zip/miniproj/Hello.java
[INFO] (MainThread) Generating original tokens
[INFO] (MainThread) Successfully ran process_file_contents /workspace/tokenizers/file-level/miniproj.zip/miniproj/Hello.java
[INFO] (MainThread) Successfully ran process_zip_ball /workspace/tokenizers/file-level/miniproj.zip
[INFO] (MainThread) Project finished <1,/workspace/tokenizers/file-level/miniproj.zip> (process 0)
[INFO] (MainThread)  (0): Total: 0:00:00.011298micros | Zip: 253 Read: 152 Separators: 15micros Tokens: 169micros Write: 49micros Hash: 595 regex: 1642
[INFO] (MainThread) Process 0 finished. 1 files in 0s.
*** No more projects to process. Waiting for children to finish...
Process 0 finished, 1 files processed (2). Current total: 1
*** All done. 1 files in 0:00:00.027787
root@fefd736b2db1:/workspace/tokenizers/file-level#



### Clone Detector Smoke Test
root@fefd736b2db1:/workspace/clone-detector# python3 controller.py 2>&1 | tee /workspace/SourcererCC/logs/clone_detector_smoketest.log
search will be carried out with 2 nodes
loading previous run state
/workspace/clone-detector/scriptinator_metadata.scc doesn't exist, creating one with state EXECUTE_1
previous run state 0
running new command /workspace/clone-detector/execute.sh 1
current state:  1
flushing current state 1
running new command /workspace/clone-detector/backup-gtpm.sh
running new command /workspace/clone-detector/runnodes.sh init 1
current state:  2
flushing current state 2
running new command /workspace/clone-detector/runnodes.sh index 1
current state:  3
flushing current state 3
running new command /workspace/clone-detector/move-index.sh
current state:  4
flushing current state 4
running new command /workspace/clone-detector/execute.sh 2
current state:  5
flushing current state 5
running new command /workspace/clone-detector/runnodes.sh search 2
current state:  0
flushing current state 0
SUCCESS: Search Completed on all nodes
root@fefd736b2db1:/workspace/clone-detector#
root@fefd736b2db1:/workspace/clone-detector# cat NODE_*/output8.0/query_* > results.pairs
root@fefd736b2db1:/workspace/clone-detector# wc -l results.pairs
0 results.pairs


### Benchmark Execution

User@demola MINGW64 ~/OneDrive/Desktop/CMPT470/M3/SourcererC
$ docker run --rm -it -v ${PWD}:/workspace sourcerercc bash
root@c7e6afe0c349:/workspace# bash scripts/run_bcb_subset.sh
[1/6] Installing Python dependency (datasets)
WARNING: Running pip as the 'root' user can result in broken recommended to use a virtual environment instead: https://p
[2/6] Creating BigCloneBench subset (streaming) - 20 pairs
Downloading readme: 6.94kB [00:00, 6.67MB/s]
Wrote 40 .java files to /workspace/benchmarks/bcb_subset
[3/6] Zipping subset into a single 'project'
[4/6] Tokenizing (SourcererCC tokenizer)
' zip ' format
*** Starting priority projects...
*** Starting regular projects...
Starting new process 0
[INFO] (MainThread) Process 0 starting
[INFO] (MainThread) Starting zip project <1,/workspace/bench
[INFO] (MainThread) Attempting to process_zip_ball /workspac
[INFO] (MainThread) Attempting to process_file_contents /wor
[INFO] (MainThread) Generating original tokens
[INFO] (MainThread) Successfully ran process_file_contents /
[INFO] (MainThread) Attempting to process_file_contents /wor
[INFO] (MainThread) Generating original tokens
[INFO] (MainThread) Successfully ran process_file_contents /
[INFO] (MainThread) Attempting to process_file_contents /wor
[INFO] (MainThread) Generating original tokens
[INFO] (MainThread) Successfully ran process_file_contents /
[INFO] (MainThread) Attempting to process_file_contents /wor
[INFO] (MainThread) Generating original tokens
[INFO] (MainThread) Successfully ran process_file_contents /
[INFO] (MainThread) Attempting to process_file_contents /wor
[INFO] (MainThread) Generating original tokens
[INFO] (MainThread) Successfully ran process_file_contents /
[INFO] (MainThread) Attempting to process_file_contents /wor
[INFO] (MainThread) Generating original tokens
[INFO] (MainThread) Successfully ran process_file_contents /
[INFO] (MainThread) Attempting to process_file_contents /wor
[INFO] (MainThread) Generating original tokens
[INFO] (MainThread) Successfully ran process_file_contents /
[INFO] (MainThread) Attempting to process_file_contents /wor
[INFO] (MainThread) Generating original tokens
[INFO] (MainThread) Successfully ran process_file_contents /
[INFO] (MainThread) Attempting to process_file_contents /wor
[INFO] (MainThread) Generating original tokens
[INFO] (MainThread) Successfully ran process_file_contents /
[INFO] (MainThread) Attempting to process_file_contents /wor
[INFO] (MainThread) Generating original tokens
[INFO] (MainThread) Successfully ran process_file_contents /
[INFO] (MainThread) Attempting to process_file_contents /wor
[INFO] (MainThread) Generating original tokens
[INFO] (MainThread) Successfully ran process_file_contents /
[INFO] (MainThread) Attempting to process_file_contents /wor
[INFO] (MainThread) Generating original tokens
[INFO] (MainThread) Successfully ran process_file_contents /
[INFO] (MainThread) Attempting to process_file_contents /wor
[INFO] (MainThread) Generating original tokens
[INFO] (MainThread) Successfully ran process_file_contents /
[INFO] (MainThread) Attempting to process_file_contents /wor
[INFO] (MainThread) Generating original tokens
[INFO] (MainThread) Successfully ran process_file_contents /
[INFO] (MainThread) Attempting to process_file_contents /wor
[INFO] (MainThread) Generating original tokens
[INFO] (MainThread) Successfully ran process_file_contents /
[INFO] (MainThread) Attempting to process_file_contents /wor
[INFO] (MainThread) Generating original tokens
[INFO] (MainThread) Successfully ran process_file_contents /
[INFO] (MainThread) Attempting to process_file_contents /wor
[INFO] (MainThread) Generating original tokens
[INFO] (MainThread) Successfully ran process_file_contents /
[INFO] (MainThread) Attempting to process_file_contents /wor
[INFO] (MainThread) Generating original tokens
[INFO] (MainThread) Successfully ran process_file_contents /
[INFO] (MainThread) Attempting to process_file_contents /wor
[INFO] (MainThread) Generating original tokens
[INFO] (MainThread) Successfully ran process_file_contents /
[INFO] (MainThread) Attempting to process_file_contents /wor
[INFO] (MainThread) Generating original tokens
[INFO] (MainThread) Successfully ran process_file_contents /
[INFO] (MainThread) Attempting to process_file_contents /wor
[INFO] (MainThread) Generating original tokens
[INFO] (MainThread) Successfully ran process_file_contents /
[INFO] (MainThread) Attempting to process_file_contents /wor
[INFO] (MainThread) Generating original tokens
[INFO] (MainThread) Successfully ran process_file_contents /
[INFO] (MainThread) Attempting to process_file_contents /wor
[INFO] (MainThread) Generating original tokens
[INFO] (MainThread) Successfully ran process_file_contents /
[INFO] (MainThread) Attempting to process_file_contents /wor
[INFO] (MainThread) Generating original tokens
[INFO] (MainThread) Successfully ran process_file_contents /
[INFO] (MainThread) Attempting to process_file_contents /wor
[INFO] (MainThread) Generating original tokens
[INFO] (MainThread) Successfully ran process_file_contents /
[INFO] (MainThread) Attempting to process_file_contents /wor
[INFO] (MainThread) Generating original tokens
[INFO] (MainThread) Successfully ran process_file_contents /
[INFO] (MainThread) Attempting to process_file_contents /wor
[INFO] (MainThread) Generating original tokens
[INFO] (MainThread) Successfully ran process_file_contents /
[INFO] (MainThread) Attempting to process_file_contents /wor
[INFO] (MainThread) Generating original tokens
[INFO] (MainThread) Successfully ran process_file_contents /
[INFO] (MainThread) Attempting to process_file_contents /wor
[INFO] (MainThread) Generating original tokens
[INFO] (MainThread) Successfully ran process_file_contents /
[INFO] (MainThread) Attempting to process_file_contents /wor
[INFO] (MainThread) Generating original tokens
[INFO] (MainThread) Successfully ran process_file_contents /
[INFO] (MainThread) Attempting to process_file_contents /wor
[INFO] (MainThread) Generating original tokens
[INFO] (MainThread) Successfully ran process_file_contents /
[INFO] (MainThread) Attempting to process_file_contents /wor
[INFO] (MainThread) Generating original tokens
[INFO] (MainThread) Successfully ran process_file_contents /
[INFO] (MainThread) Attempting to process_file_contents /wor
[INFO] (MainThread) Generating original tokens
[INFO] (MainThread) Successfully ran process_file_contents /
[INFO] (MainThread) Attempting to process_file_contents /wor
[INFO] (MainThread) Generating original tokens
[INFO] (MainThread) Successfully ran process_file_contents /
[INFO] (MainThread) Attempting to process_file_contents /wor
[INFO] (MainThread) Generating original tokens
[INFO] (MainThread) Successfully ran process_file_contents /
[INFO] (MainThread) Attempting to process_file_contents /wor
[INFO] (MainThread) Generating original tokens
[INFO] (MainThread) Successfully ran process_file_contents /
[INFO] (MainThread) Attempting to process_file_contents /wor
[INFO] (MainThread) Generating original tokens
[INFO] (MainThread) Successfully ran process_file_contents /
[INFO] (MainThread) Attempting to process_file_contents /wor
[INFO] (MainThread) Generating original tokens
[INFO] (MainThread) Successfully ran process_file_contents /
[INFO] (MainThread) Attempting to process_file_contents /wor
[INFO] (MainThread) Generating original tokens
[INFO] (MainThread) Successfully ran process_file_contents /
[INFO] (MainThread) Attempting to process_file_contents /wor
[INFO] (MainThread) Generating original tokens
[INFO] (MainThread) Successfully ran process_file_contents /
[INFO] (MainThread) Successfully ran process_zip_ball /works
[INFO] (MainThread) Project finished <1,/workspace/benchmark
[INFO] (MainThread)  (0): Total: 0:00:00.190260micros | Zip:s Hash: 25460 regex: 2588
[INFO] (MainThread) Process 0 finished. 40 files in 0s.
*** No more projects to process. Waiting for children to fin
Process 0 finished, 40 files processed (41). Current total: 
*** All done. 40 files in 0:00:00.251757
[5/6] Running clone detector (controller.py)
search will be carried out with 2 nodes
loading previous run state
/workspace/clone-detector/scriptinator_metadata.scc doesn't 
previous run state 0
running new command /workspace/clone-detector/execute.sh 1
current state:  1
flushing current state 1
running new command /workspace/clone-detector/backup-gtpm.sh
running new command /workspace/clone-detector/runnodes.sh in
current state:  2
flushing current state 2
running new command /workspace/clone-detector/runnodes.sh in
current state:  3
flushing current state 3
running new command /workspace/clone-detector/move-index.sh
current state:  4
flushing current state 4
running new command /workspace/clone-detector/execute.sh 2
current state:  5
flushing current state 5
running new command /workspace/clone-detector/runnodes.sh se
current state:  0
flushing current state 0
SUCCESS: Search Completed on all nodes
[6/6] Aggregating results
0 results.pairs
DONE Results: /workspace/SourcererCC/results/bcb_subset_resu
root@c7e6afe0c349:/workspace# ls
LICENSE    SourcererCC  benchmarks      dockerfile  requirem
README.md  WebApp       clone-detector  logs        results
root@c7e6afe0c349:/workspace# cd SourcerCC
bash: cd: SourcerCC: No such file or directory
root@c7e6afe0c349:/workspace# cd SourcererCC
root@c7e6afe0c349:/workspace/SourcererCC# ls
logs  results
root@c7e6afe0c349:/workspace/SourcererCC# cd logs
root@c7e6afe0c349:/workspace/SourcererCC/logs# ls
bcb_clone_detector.log  bcb_tokenizer.log
root@c7e6afe0c349:/workspace/SourcererCC/logs# cat bcb_clone
search will be carried out with 2 nodes
loading previous run state
/workspace/clone-detector/scriptinator_metadata.scc doesn't 
previous run state 0
running new command /workspace/clone-detector/execute.sh 1
current state:  1
flushing current state 1
running new command /workspace/clone-detector/backup-gtpm.sh
running new command /workspace/clone-detector/runnodes.sh in
current state:  2
flushing current state 2
running new command /workspace/clone-detector/runnodes.sh in
current state:  3
flushing current state 3
running new command /workspace/clone-detector/move-index.sh
current state:  4
flushing current state 4
running new command /workspace/clone-detector/execute.sh 2
current state:  5
flushing current state 5
running new command /workspace/clone-detector/runnodes.sh se
current state:  0
flushing current state 0
SUCCESS: Search Completed on all nodes
' zip ' format
*** Starting priority projects...
*** Starting regular projects...
Starting new process 0
[INFO] (MainThread) Process 0 starting
[INFO] (MainThread) Starting zip project <1,/workspace/bench
[INFO] (MainThread) Attempting to process_zip_ball /workspac
[INFO] (MainThread) Attempting to process_file_contents /wor
[INFO] (MainThread) Generating original tokens
[INFO] (MainThread) Successfully ran process_file_contents /
[INFO] (MainThread) Attempting to process_file_contents /wor
[INFO] (MainThread) Generating original tokens
[INFO] (MainThread) Successfully ran process_file_contents /
[INFO] (MainThread) Attempting to process_file_contents /wor
[INFO] (MainThread) Generating original tokens
[INFO] (MainThread) Successfully ran process_file_contents /
[INFO] (MainThread) Attempting to process_file_contents /wor
[INFO] (MainThread) Generating original tokens
[INFO] (MainThread) Successfully ran process_file_contents /
[INFO] (MainThread) Attempting to process_file_contents /wor
[INFO] (MainThread) Generating original tokens
[INFO] (MainThread) Successfully ran process_file_contents /
[INFO] (MainThread) Attempting to process_file_contents /wor
[INFO] (MainThread) Generating original tokens
[INFO] (MainThread) Successfully ran process_file_contents /
[INFO] (MainThread) Attempting to process_file_contents /wor
[INFO] (MainThread) Generating original tokens
[INFO] (MainThread) Successfully ran process_file_contents /
[INFO] (MainThread) Attempting to process_file_contents /wor
[INFO] (MainThread) Generating original tokens
[INFO] (MainThread) Successfully ran process_file_contents /
[INFO] (MainThread) Attempting to process_file_contents /wor
[INFO] (MainThread) Generating original tokens
[INFO] (MainThread) Successfully ran process_file_contents /
[INFO] (MainThread) Attempting to process_file_contents /wor
[INFO] (MainThread) Generating original tokens
[INFO] (MainThread) Successfully ran process_file_contents /
[INFO] (MainThread) Attempting to process_file_contents /wor
[INFO] (MainThread) Generating original tokens
[INFO] (MainThread) Successfully ran process_file_contents /
[INFO] (MainThread) Attempting to process_file_contents /wor
[INFO] (MainThread) Generating original tokens
[INFO] (MainThread) Successfully ran process_file_contents /
[INFO] (MainThread) Attempting to process_file_contents /wor
[INFO] (MainThread) Generating original tokens
[INFO] (MainThread) Successfully ran process_file_contents /
[INFO] (MainThread) Attempting to process_file_contents /wor
[INFO] (MainThread) Generating original tokens
[INFO] (MainThread) Successfully ran process_file_contents /
[INFO] (MainThread) Attempting to process_file_contents /wor
[INFO] (MainThread) Generating original tokens
[INFO] (MainThread) Successfully ran process_file_contents /
[INFO] (MainThread) Attempting to process_file_contents /wor
[INFO] (MainThread) Generating original tokens
[INFO] (MainThread) Successfully ran process_file_contents /
[INFO] (MainThread) Attempting to process_file_contents /wor
[INFO] (MainThread) Generating original tokens
[INFO] (MainThread) Successfully ran process_file_contents /
[INFO] (MainThread) Attempting to process_file_contents /wor
[INFO] (MainThread) Generating original tokens
[INFO] (MainThread) Successfully ran process_file_contents /
[INFO] (MainThread) Attempting to process_file_contents /wor
[INFO] (MainThread) Generating original tokens
[INFO] (MainThread) Successfully ran process_file_contents /
[INFO] (MainThread) Attempting to process_file_contents /wor
[INFO] (MainThread) Generating original tokens
[INFO] (MainThread) Successfully ran process_file_contents /
[INFO] (MainThread) Attempting to process_file_contents /wor
[INFO] (MainThread) Generating original tokens
[INFO] (MainThread) Successfully ran process_file_contents /
[INFO] (MainThread) Attempting to process_file_contents /wor
[INFO] (MainThread) Generating original tokens
[INFO] (MainThread) Successfully ran process_file_contents /
[INFO] (MainThread) Attempting to process_file_contents /wor
[INFO] (MainThread) Generating original tokens
[INFO] (MainThread) Successfully ran process_file_contents /
[INFO] (MainThread) Attempting to process_file_contents /wor
[INFO] (MainThread) Generating original tokens
[INFO] (MainThread) Successfully ran process_file_contents /
[INFO] (MainThread) Attempting to process_file_contents /wor
[INFO] (MainThread) Generating original tokens
[INFO] (MainThread) Successfully ran process_file_contents /
[INFO] (MainThread) Attempting to process_file_contents /wor
[INFO] (MainThread) Generating original tokens
[INFO] (MainThread) Successfully ran process_file_contents /
[INFO] (MainThread) Attempting to process_file_contents /wor
[INFO] (MainThread) Generating original tokens
[INFO] (MainThread) Successfully ran process_file_contents /
[INFO] (MainThread) Attempting to process_file_contents /wor
[INFO] (MainThread) Generating original tokens
[INFO] (MainThread) Successfully ran process_file_contents /
[INFO] (MainThread) Attempting to process_file_contents /wor
[INFO] (MainThread) Generating original tokens
[INFO] (MainThread) Successfully ran process_file_contents /
[INFO] (MainThread) Attempting to process_file_contents /wor
[INFO] (MainThread) Generating original tokens
[INFO] (MainThread) Successfully ran process_file_contents /
[INFO] (MainThread) Attempting to process_file_contents /wor
[INFO] (MainThread) Generating original tokens
[INFO] (MainThread) Successfully ran process_file_contents /
[INFO] (MainThread) Attempting to process_file_contents /wor
[INFO] (MainThread) Generating original tokens
[INFO] (MainThread) Successfully ran process_file_contents /
[INFO] (MainThread) Attempting to process_file_contents /wor
[INFO] (MainThread) Generating original tokens
[INFO] (MainThread) Successfully ran process_file_contents /
[INFO] (MainThread) Attempting to process_file_contents /wor
[INFO] (MainThread) Generating original tokens
[INFO] (MainThread) Successfully ran process_file_contents /
[INFO] (MainThread) Attempting to process_file_contents /wor
[INFO] (MainThread) Generating original tokens
[INFO] (MainThread) Successfully ran process_file_contents /
[INFO] (MainThread) Attempting to process_file_contents /wor
[INFO] (MainThread) Generating original tokens
[INFO] (MainThread) Successfully ran process_file_contents /
[INFO] (MainThread) Attempting to process_file_contents /wor
[INFO] (MainThread) Generating original tokens
[INFO] (MainThread) Successfully ran process_file_contents /
[INFO] (MainThread) Attempting to process_file_contents /wor
[INFO] (MainThread) Generating original tokens
[INFO] (MainThread) Successfully ran process_file_contents /
[INFO] (MainThread) Attempting to process_file_contents /wor
[INFO] (MainThread) Generating original tokens
[INFO] (MainThread) Successfully ran process_file_contents /
[INFO] (MainThread) Attempting to process_file_contents /wor
[INFO] (MainThread) Generating original tokens
[INFO] (MainThread) Successfully ran process_file_contents /
[INFO] (MainThread) Successfully ran process_zip_ball /works
[INFO] (MainThread) Project finished <1,/workspace/benchmark
[INFO] (MainThread)  (0): Total: 0:00:00.190260micros | Zip:bash: cd: too many arguments        
root@c7e6afe0c349:/workspace/SourcererCC/results# cd bcb_subset_results.count bcb_subset_results.pairs
bash: cd: too many arguments
root@c7e6afe0c349:/workspace/SourcererCC/results# cd bcb_subset_results.count
bash: cd: bcb_subset_results.count: Not a directory
root@c7e6afe0c349:/workspace/SourcererCC/results# ls
bcb_subset_results.count  bcb_subset_results.pairs
root@c7e6afe0c349:/workspace/SourcererCC/results# cat bcb_subset_results.count bcb_subset_results.pairs
0 results.pairs
root@c7e6afe0c349:/workspace/Sourcerroot@c7e6afe0c349:/worksroot@c7e6afe0c349:/workspace/Sourceroot@c7e6afe0c349:/workspace/SourcererCC/results# cd ..
root@c7e6afe0c349:/workspace/SourcererCC# cd logs
root@c7e6afe0c349:/workspace/SourcererCC/logs# cat bcb_clone_detector.log  bcb_tokenizer.log
search will be carried out with 2 nodes
loading previous run state
/workspace/clone-detector/scriptinator_metadata.scc doesn't exist, creating one with state EXECUTE_1
previous run state 0
running new command /workspace/clone-detector/execute.sh 1
current state:  1
flushing current state 1
running new command /workspace/clone-detector/backup-gtpm.sh
running new command /workspace/clone-detector/runnodes.sh init 1
current state:  2
flushing current state 2
running new command /workspace/clone-detector/runnodes.sh index 1
current state:  3
flushing current state 3
running new command /workspace/clone-detector/move-index.sh
current state:  4
flushing current state 4
running new command /workspace/clone-detector/execute.sh 2
current state:  5
flushing current state 5
running new command /workspace/clone-detector/runnodes.sh search 2
current state:  0
flushing current state 0
SUCCESS: Search Completed on all nodes
' zip ' format
*** Starting priority projects...
*** Starting regular projects...
Starting new process 0
[INFO] (MainThread) Process 0 starting
[INFO] (MainThread) Starting zip project <1,/workspace/benchmarks/bcb_subset.zip> (process 0)  
[INFO] (MainThread) Attempting to process_zip_ball /workspace/benchmarks/bcb_subset.zip        
[INFO] (MainThread) Attempting to process_file_contents /workspace/benchmarks/bcb_subset.zip/bcb_subset/18_func2.java
[INFO] (MainThread) Generating original tokens
[INFO] (MainThread) Successfully ran process_file_contents /workspace/benchmarks/bcb_subset.zip/bcb_subset/18_func2.java
[INFO] (MainThread) Attempting to process_file_contents /workspace/benchmarks/bcb_subset.zip/bcb_subset/8_func2.java
[INFO] (MainThread) Generating original tokens
[INFO] (MainThread) Successfully ran process_file_contents /workspace/benchmarks/bcb_subset.zip/bcb_subset/8_func2.java
[INFO] (MainThread) Attempting to process_file_contents /workspace/benchmarks/bcb_subset.zip/bcb_subset/6_func2.java
[INFO] (MainThread) Generating original tokens
[INFO] (MainThread) Successfully ran process_file_contents /workspace/benchmarks/bcb_subset.zip/bcb_subset/6_func2.java
[INFO] (MainThread) Attempting to process_file_contents /workspace/benchmarks/bcb_subset.zip/bcb_subset/16_func2.java
[INFO] (MainThread) Generating original tokens
[INFO] (MainThread) Successfully ran process_file_contents /workspace/benchmarks/bcb_subset.zip/bcb_subset/16_func2.java
[INFO] (MainThread) Attempting to process_file_contents /workspace/benchmarks/bcb_subset.zip/bcb_subset/1_func2.java
[INFO] (MainThread) Generating original tokens
[INFO] (MainThread) Successfully ran process_file_contents /workspace/benchmarks/bcb_subset.zip/bcb_subset/1_func2.java
[INFO] (MainThread) Attempting to process_file_contents /workspace/benchmarks/bcb_subset.zip/bcb_subset/9_func1.java
[INFO] (MainThread) Generating original tokens
[INFO] (MainThread) Successfully ran process_file_contents /workspace/benchmarks/bcb_subset.zip/bcb_subset/9_func1.java
[INFO] (MainThread) Attempting to process_file_contents /workspace/benchmarks/bcb_subset.zip/bcb_subset/18_func1.java
[INFO] (MainThread) Generating original tokens
[INFO] (MainThread) Successfully ran process_file_contents /workspace/benchmarks/bcb_subset.zip/bcb_subset/18_func1.java
[INFO] (MainThread) Attempting to process_file_contents /workspace/benchmarks/bcb_subset.zip/bcb_subset/9_func2.java
[INFO] (MainThread) Generating original tokens
[INFO] (MainThread) Successfully ran process_file_contents /workspace/benchmarks/bcb_subset.zip/bcb_subset/9_func2.java
[INFO] (MainThread) Attempting to process_file_contents /workspace/benchmarks/bcb_subset.zip/bcb_subset/8_func1.java
[INFO] (MainThread) Generating original tokens
[INFO] (MainThread) Successfully ran process_file_contents /workspace/benchmarks/bcb_subset.zip/bcb_subset/8_func1.java
[INFO] (MainThread) Attempting to process_file_contents /workspace/benchmarks/bcb_subset.zip/bcb_subset/5_func1.java
[INFO] (MainThread) Generating original tokens
[INFO] (MainThread) Successfully ran process_file_contents /workspace/benchmarks/bcb_subset.zip/bcb_subset/5_func1.java
[INFO] (MainThread) Attempting to process_file_contents /workspace/benchmarks/bcb_subset.zip/bcb_subset/17_func1.java
[INFO] (MainThread) Generating original tokens
[INFO] (MainThread) Successfully ran process_file_contents /workspace/benchmarks/bcb_subset.zip/bcb_subset/17_func1.java
[INFO] (MainThread) Attempting to process_file_contents /workspace/benchmarks/bcb_subset.zip/bcb_subset/14_func1.java
[INFO] (MainThread) Generating original tokens
[INFO] (MainThread) Successfully ran process_file_contents /workspace/benchmarks/bcb_subset.zip/bcb_subset/14_func1.java
[INFO] (MainThread) Attempting to process_file_contents /workspace/benchmarks/bcb_subset.zip/bcb_subset/16_func1.java
[INFO] (MainThread) Generating original tokens
[INFO] (MainThread) Successfully ran process_file_contents /workspace/benchmarks/bcb_subset.zip/bcb_subset/16_func1.java
[INFO] (MainThread) Attempting to process_file_contents /workspace/benchmarks/bcb_subset.zip/bcb_subset/13_func2.java
[INFO] (MainThread) Generating original tokens
[INFO] (MainThread) Successfully ran process_file_contents /workspace/benchmarks/bcb_subset.zip/bcb_subset/13_func2.java
[INFO] (MainThread) Attempting to process_file_contents /workspace/benchmarks/bcb_subset.zip/bcb_subset/3_func1.java
[INFO] (MainThread) Generating original tokens
[INFO] (MainThread) Successfully ran process_file_contents /workspace/benchmarks/bcb_subset.zip/bcb_subset/3_func1.java
[INFO] (MainThread) Attempting to process_file_contents /workspace/benchmarks/bcb_subset.zip/bcb_subset/1_func1.java
[INFO] (MainThread) Generating original tokens
[INFO] (MainThread) Successfully ran process_file_contents /workspace/benchmarks/bcb_subset.zip/bcb_subset/1_func1.java
[INFO] (MainThread) Attempting to process_file_contents /workspace/benchmarks/bcb_subset.zip/bcb_subset/5_func2.java
[INFO] (MainThread) Generating original tokens
[INFO] (MainThread) Successfully ran process_file_contents /workspace/benchmarks/bcb_subset.zip/bcb_subset/5_func2.java
[INFO] (MainThread) Attempting to process_file_contents /workspace/benchmarks/bcb_subset.zip/bcb_subset/15_func1.java
[INFO] (MainThread) Generating original tokens
[INFO] (MainThread) Successfully ran process_file_contents /workspace/benchmarks/bcb_subset.zip/bcb_subset/15_func1.java
[INFO] (MainThread) Attempting to process_file_contents /workspace/benchmarks/bcb_subset.zip/bcb_subset/4_func2.java
[INFO] (MainThread) Generating original tokens
[INFO] (MainThread) Successfully ran process_file_contents /workspace/benchmarks/bcb_subset.zip/bcb_subset/4_func2.java
[INFO] (MainThread) Attempting to process_file_contents /workspace/benchmarks/bcb_subset.zip/bcb_subset/0_func2.java
[INFO] (MainThread) Generating original tokens
[INFO] (MainThread) Successfully ran process_file_contents /workspace/benchmarks/bcb_subset.zip/bcb_subset/0_func2.java
[INFO] (MainThread) Attempting to process_file_contents /workspace/benchmarks/bcb_subset.zip/bcb_subset/10_func1.java
[INFO] (MainThread) Generating original tokens
[INFO] (MainThread) Successfully ran process_file_contents /workspace/benchmarks/bcb_subset.zip/bcb_subset/10_func1.java
[INFO] (MainThread) Attempting to process_file_contents /workspace/benchmarks/bcb_subset.zip/bcb_subset/13_func1.java
[INFO] (MainThread) Generating original tokens
[INFO] (MainThread) Successfully ran process_file_contents /workspace/benchmarks/bcb_subset.zip/bcb_subset/13_func1.java
[INFO] (MainThread) Attempting to process_file_contents /workspace/benchmarks/bcb_subset.zip/bcb_subset/10_func2.java
[INFO] (MainThread) Generating original tokens
[INFO] (MainThread) Successfully ran process_file_contents /workspace/benchmarks/bcb_subset.zip/bcb_subset/10_func2.java
[INFO] (MainThread) Attempting to process_file_contents /workspace/benchmarks/bcb_subset.zip/bcb_subset/17_func2.java
[INFO] (MainThread) Generating original tokens
[INFO] (MainThread) Successfully ran process_file_contents /workspace/benchmarks/bcb_subset.zip/bcb_subset/17_func2.java
[INFO] (MainThread) Attempting to process_file_contents /workspace/benchmarks/bcb_subset.zip/bcb_subset/14_func2.java
[INFO] (MainThread) Generating original tokens
[INFO] (MainThread) Successfully ran process_file_contents /workspace/benchmarks/bcb_subset.zip/bcb_subset/14_func2.java
[INFO] (MainThread) Attempting to process_file_contents /workspace/benchmarks/bcb_subset.zip/bcb_subset/11_func1.java
[INFO] (MainThread) Generating original tokens
[INFO] (MainThread) Successfully ran process_file_contents /workspace/benchmarks/bcb_subset.zip/bcb_subset/11_func1.java
[INFO] (MainThread) Attempting to process_file_contents /workspace/benchmarks/bcb_subset.zip/bcb_subset/7_func2.java
[INFO] (MainThread) Generating original tokens
[INFO] (MainThread) Successfully ran process_file_contents /workspace/benchmarks/bcb_subset.zip/bcb_subset/7_func2.java
[INFO] (MainThread) Attempting to process_file_contents /workspace/benchmarks/bcb_subset.zip/bcb_subset/19_func2.java
[INFO] (MainThread) Generating original tokens
[INFO] (MainThread) Successfully ran process_file_contents /workspace/benchmarks/bcb_subset.zip/bcb_subset/19_func2.java
[INFO] (MainThread) Attempting to process_file_contents /workspace/benchmarks/bcb_subset.zip/bcb_subset/3_func2.java
[INFO] (MainThread) Generating original tokens
[INFO] (MainThread) Successfully ran process_file_contents /workspace/benchmarks/bcb_subset.zip/bcb_subset/3_func2.java
[INFO] (MainThread) Attempting to process_file_contents /workspace/benchmarks/bcb_subset.zip/bcb_subset/7_func1.java
[INFO] (MainThread) Generating original tokens
[INFO] (MainThread) Successfully ran process_file_contents /workspace/benchmarks/bcb_subset.zip/bcb_subset/7_func1.java
[INFO] (MainThread) Attempting to process_file_contents /workspace/benchmarks/bcb_subset.zip/bcb_subset/4_func1.java
[INFO] (MainThread) Generating original tokens
[INFO] (MainThread) Successfully ran process_file_contents /workspace/benchmarks/bcb_subset.zip/bcb_subset/4_func1.java
[INFO] (MainThread) Attempting to process_file_contents /workspace/benchmarks/bcb_subset.zip/bcb_subset/15_func2.java
[INFO] (MainThread) Generating original tokens
[INFO] (MainThread) Successfully ran process_file_contents /workspace/benchmarks/bcb_subset.zip/bcb_subset/15_func2.java
[INFO] (MainThread) Attempting to process_file_contents /workspace/benchmarks/bcb_subset.zip/bcb_subset/19_func1.java
[INFO] (MainThread) Generating original tokens
[INFO] (MainThread) Successfully ran process_file_contents /workspace/benchmarks/bcb_subset.zip/bcb_subset/19_func1.java
[INFO] (MainThread) Attempting to process_file_contents /workspace/benchmarks/bcb_subset.zip/bcb_subset/0_func1.java
[INFO] (MainThread) Generating original tokens
[INFO] (MainThread) Successfully ran process_file_contents /workspace/benchmarks/bcb_subset.zip/bcb_subset/0_func1.java
[INFO] (MainThread) Attempting to process_file_contents /workspace/benchmarks/bcb_subset.zip/bcb_subset/2_func1.java
[INFO] (MainThread) Generating original tokens
[INFO] (MainThread) Successfully ran process_file_contents /workspace/benchmarks/bcb_subset.zip/bcb_subset/2_func1.java
[INFO] (MainThread) Attempting to process_file_contents /workspace/benchmarks/bcb_subset.zip/bcb_subset/2_func2.java
[INFO] (MainThread) Generating original tokens
[INFO] (MainThread) Successfully ran process_file_contents /workspace/benchmarks/bcb_subset.zip/bcb_subset/2_func2.java
[INFO] (MainThread) Attempting to process_file_contents /workspace/benchmarks/bcb_subset.zip/bcb_subset/11_func2.java
[INFO] (MainThread) Generating original tokens
[INFO] (MainThread) Successfully ran process_file_contents /workspace/benchmarks/bcb_subset.zip/bcb_subset/11_func2.java
[INFO] (MainThread) Attempting to process_file_contents /workspace/benchmarks/bcb_subset.zip/bcb_subset/12_func2.java
[INFO] (MainThread) Generating original tokens
[INFO] (MainThread) Successfully ran process_file_contents /workspace/benchmarks/bcb_subset.zip/bcb_subset/12_func2.java
[INFO] (MainThread) Attempting to process_file_contents /workspace/benchmarks/bcb_subset.zip/bcb_subset/6_func1.java
[INFO] (MainThread) Generating original tokens
[INFO] (MainThread) Successfully ran process_file_contents /workspace/benchmarks/bcb_subset.zip/bcb_subset/6_func1.java
[INFO] (MainThread) Attempting to process_file_contents /workspace/benchmarks/bcb_subset.zip/bcb_subset/12_func1.java
[INFO] (MainThread) Generating original tokens
[INFO] (MainThread) Successfully ran process_file_contents /workspace/benchmarks/bcb_subset.zip/bcb_subset/12_func1.java
[INFO] (MainThread) Successfully ran process_zip_ball /workspace/benchmarks/bcb_subset.zip     
[INFO] (MainThread) Project finished <1,/workspace/benchmarks/bcb_subset.zip> (process 0)      
[INFO] (MainThread)  (0): Total: 0:00:00.190260micros | Zip: 7023 Read: 26003 Separators: 2112micros Tokens: 13881micros Write: 1851micros Hash: 25460 regex: 2588
[INFO] (MainThread) Process 0 finished. 40 files in 0s.
*** No more projects to process. Waiting for children to finish...
Process 0 finished, 40 files processed (41). Current total: 40
*** All done. 40 files in 0:00:00.251757
root@c7e6afe0c349:/workspace/SourcererCC/logs#